<?xml version="1.0" encoding="UTF-8"?>
<!-- Generated by org.testng.reporters.JUnitReportReporter -->
<testsuite hostname="DESKTOP-PTK9AB3" failures="0" tests="1" name="TestRunner" time="9.946" errors="0" timestamp="2023-04-02T00:20:24 EDT" skipped="0">
  <testcase classname="TestRunner" name="runScenario" time="9.946"/>
  <system-out/>
</testsuite> <!-- TestRunner -->
