<?xml version="1.0" encoding="UTF-8"?>
<!-- Generated by org.testng.reporters.JUnitReportReporter -->
<testsuite hostname="DESKTOP-PTK9AB3" failures="0" tests="5" name="TestRunner" time="27.905" errors="0" timestamp="2023-04-03T15:23:07 EDT" skipped="0">
  <testcase classname="TestRunner" name="runScenario" time="4.066"/>
  <system-out/>
  <testcase classname="TestRunner" name="runScenario" time="4.603"/>
  <system-out/>
  <testcase classname="TestRunner" name="runScenario" time="5.904"/>
  <system-out/>
  <testcase classname="TestRunner" name="runScenario" time="8.496"/>
  <system-out/>
  <testcase classname="TestRunner" name="runScenario" time="4.836"/>
  <system-out/>
</testsuite> <!-- TestRunner -->
