<?xml version="1.0" encoding="UTF-8"?>
<!-- Generated by org.testng.reporters.JUnitReportReporter -->
<testsuite hostname="DESKTOP-PTK9AB3" failures="0" tests="5" name="TestRunner" time="35.742" errors="0" timestamp="2023-04-15T21:14:04 EDT" skipped="0">
  <testcase classname="TestRunner" name="runScenario" time="7.286"/>
  <system-out/>
  <testcase classname="TestRunner" name="runScenario" time="5.601"/>
  <system-out/>
  <testcase classname="TestRunner" name="runScenario" time="11.592"/>
  <system-out/>
  <testcase classname="TestRunner" name="runScenario" time="5.712"/>
  <system-out/>
  <testcase classname="TestRunner" name="runScenario" time="5.551"/>
  <system-out/>
</testsuite> <!-- TestRunner -->
