<?xml version="1.0" encoding="UTF-8"?>
<!-- Generated by org.testng.reporters.JUnitReportReporter -->
<testsuite hostname="DESKTOP-PTK9AB3" failures="0" tests="5" name="TestRunner" time="24.769" errors="0" timestamp="2023-04-03T15:24:50 EDT" skipped="0">
  <testcase classname="TestRunner" name="runScenario" time="4.179"/>
  <system-out/>
  <testcase classname="TestRunner" name="runScenario" time="6.392"/>
  <system-out/>
  <testcase classname="TestRunner" name="runScenario" time="5.389"/>
  <system-out/>
  <testcase classname="TestRunner" name="runScenario" time="4.602"/>
  <system-out/>
  <testcase classname="TestRunner" name="runScenario" time="4.207"/>
  <system-out/>
</testsuite> <!-- TestRunner -->
