<?xml version="1.0" encoding="UTF-8"?>
<!-- Generated by org.testng.reporters.JUnitReportReporter -->
<testsuite hostname="DESKTOP-PTK9AB3" failures="0" tests="6" name="TestRunner" time="46.715" errors="0" timestamp="2023-04-02T09:00:45 EDT" skipped="0">
  <testcase classname="TestRunner" name="runScenario" time="5.695"/>
  <system-out/>
  <testcase classname="TestRunner" name="runScenario" time="5.247"/>
  <system-out/>
  <testcase classname="TestRunner" name="runScenario" time="10.365"/>
  <system-out/>
  <testcase classname="TestRunner" name="runScenario" time="9.151"/>
  <system-out/>
  <testcase classname="TestRunner" name="runScenario" time="8.499"/>
  <system-out/>
  <testcase classname="TestRunner" name="runScenario" time="7.758"/>
  <system-out/>
</testsuite> <!-- TestRunner -->
